<component name="libraryTable">
  <library name="junit1">
    <CLASSES>
      <root url="jar://$PROJECT_DIR$/__MACOSX/GenericSortingArrays_Initial/lib/junit/._junit-3.8.2-api.zip!/" />
      <root url="jar://$PROJECT_DIR$/__MACOSX/GenericSortingArrays_Initial/lib/junit/._junit-3.8.2.jar!/" />
    </CLASSES>
    <JAVADOC />
    <SOURCES />
  </library>
</component>